<?xml version="1.0" encoding="UTF-8"?>
<testsuite xmlns:xsi="http://www.w3.org/2001/XMLSchema-instance" xsi:noNamespaceSchemaLocation="https://maven.apache.org/surefire/maven-surefire-plugin/xsd/surefire-test-report-3.0.xsd" version="3.0" name="stepDef.TestRunner" time="26.407" tests="1" errors="0" skipped="0" failures="0">
  <properties>
[...]
</properties>
  <testcase name="runScenario[&quot;Payment Functionality&quot;, &quot;Payment to the user&quot;](1)" classname="stepDef.TestRunner" time="25.457">
    <system-out><![CDATA[
Scenario: Payment Functionality     &amp#27;[90m# Feature Files/Login.feature:3&amp#27;[0m
  &amp#27;[32mGiven &amp#27;[0m&amp#27;[32muser is on Home Page&amp#27;[0m        &amp#27;[90m# stepDef.Pay.user_is_on_home_page()&amp#27;[0m
  &amp#27;[32mWhen &amp#27;[0m&amp#27;[32muser enter Login Credentials&amp#27;[0m &amp#27;[90m# stepDef.Pay.user_enter_login_credentials()&amp#27;[0m
  &amp#27;[32mAnd &amp#27;[0m&amp#27;[32mclick on payments to user&amp#27;[0m     &amp#27;[90m# stepDef.Pay.click_on_payments_to_user()&amp#27;[0m
  &amp#27;[32mAnd &amp#27;[0m&amp#27;[32muser entered payment details&amp#27;[0m  &amp#27;[90m# stepDef.Pay.user_entered_payment_details()&amp#27;[0m
  &amp#27;[32mThen &amp#27;[0m&amp#27;[32mclicks on confirm&amp#27;[0m            &amp#27;[90m# stepDef.Pay.clicks_on_confirm()&amp#27;[0m
]]></system-out>
    <system-err><![CDATA[SLF4J: Failed to load class "org.slf4j.impl.StaticLoggerBinder".
SLF4J: Defaulting to no-operation (NOP) logger implementation
SLF4J: See http://www.slf4j.org/codes.html#StaticLoggerBinder for further details.
1687591527560	geckodriver	INFO	Listening on 127.0.0.1:58518
1687591527749	mozrunner::runner	INFO	Running command: "C:\\Program Files (x86)\\Mozilla Firefox\\firefox.exe" "--marionette" "--remote-debugging-port" "63116" "-- ... ow-origins" "http://localhost:63116/" "-no-remote" "-profile" "C:\\Users\\sathe\\AppData\\Local\\Temp\\rust_mozprofilemioz3U"
console.warn: services.settings: Ignoring preference override of remote settings server
console.warn: services.settings: Allow by setting MOZ_REMOTE_SETTINGS_DEVTOOLS=1 in the environment
1687591527981	Marionette	INFO	Marionette enabled
Dynamically enable window occlusion 0
1687591527985	Marionette	INFO	Listening on port 50596
WebDriver BiDi listening on ws://127.0.0.1:63116
Read port: 50596
1687591528180	RemoteAgent	WARN	TLS certificate errors will be ignored for this session
DevTools listening on ws://127.0.0.1:63116/devtools/browser/35fd139f-9195-48b8-b0f6-9b63a4ddc26c
Jun 24, 2023 12:55:29 PM org.openqa.selenium.remote.ProtocolHandshake createSession
INFO: Detected upstream dialect: W3C
console.warn: LoginRecipes: "Falling back to a synchronous message for: https://demo.cyclos.org."
]]></system-err>
  </testcase>
</testsuite>